#
# There is insufficient memory for the Java Runtime Environment to continue.
# Native memory allocation (mmap) failed to map 268435456 bytes. Error detail: G1 virtual space
# Possible reasons:
#   The system is out of physical RAM or swap space
#   This process is running with CompressedOops enabled, and the Java Heap may be blocking the growth of the native heap
# Possible solutions:
#   Reduce memory load on the system
#   Increase physical memory or swap space
#   Check if swap backing store is full
#   Decrease Java heap size (-Xmx/-Xms)
#   Decrease number of Java threads
#   Decrease Java thread stack sizes (-Xss)
#   Set larger code cache with -XX:ReservedCodeCacheSize=
#   JVM is running with Zero Based Compressed Oops mode in which the Java heap is
#     placed in the first 32GB address space. The Java Heap base address is the
#     maximum limit for the native heap growth. Please use -XX:HeapBaseMinAddress
#     to set the Java Heap base and to place the Java Heap above 32GB virtual address.
# This output file may be truncated or incomplete.
#
#  Out of Memory Error (os_windows.cpp:3925), pid=20140, tid=28344
#
# JRE version:  (21.0.9+1) (build )
# Java VM: OpenJDK 64-Bit Server VM (21.0.9+1-b1038.76, mixed mode, sharing, tiered, compressed oops, compressed class ptrs, g1 gc, windows-amd64)
# No core dump will be written. Minidumps are not enabled by default on client versions of Windows
#

---------------  S U M M A R Y ------------

Command Line: git4idea.http.GitAskPassApp Username for 'https://github.com': 

Host: Intel(R) Core(TM) i7-7500U CPU @ 2.70GHz, 4 cores, 15G,  Windows 11 , 64 bit Build 22621 (10.0.22621.5415)
Time: Tue Jan 13 15:51:14 2026 Est elapsed time: 0.021598 seconds (0d 0h 0m 0s)

---------------  T H R E A D  ---------------

Current thread (0x0000022d1e864f60):  JavaThread "Unknown thread" [_thread_in_vm, id=28344, stack(0x000000d526300000,0x000000d526400000) (1024K)]

Stack: [0x000000d526300000,0x000000d526400000]
Native frames: (J=compiled Java code, j=interpreted, Vv=VM code, C=native code)
V  [jvm.dll+0x6ec259]
V  [jvm.dll+0x8cc383]
V  [jvm.dll+0x8ce99e]
V  [jvm.dll+0x8cf083]
V  [jvm.dll+0x28b006]
V  [jvm.dll+0x6e8a35]
V  [jvm.dll+0x6dc0ca]
V  [jvm.dll+0x366a7b]
V  [jvm.dll+0x36e666]
V  [jvm.dll+0x3c0bd6]
V  [jvm.dll+0x3c0ea8]
V  [jvm.dll+0x33922c]
V  [jvm.dll+0x339f1b]
V  [jvm.dll+0x893a49]
V  [jvm.dll+0x3cdda8]
V  [jvm.dll+0x87c988]
V  [jvm.dll+0x462a4e]
V  [jvm.dll+0x464731]
C  [jli.dll+0x52ab]
C  [ucrtbase.dll+0x29333]
C  [KERNEL32.DLL+0x1259d]
C  [ntdll.dll+0x5af78]


---------------  P R O C E S S  ---------------

Threads class SMR info:
_java_thread_list=0x00007ffc495f52c8, length=0, elements={
}

Java Threads: ( => current thread )
Total: 0

Other Threads:
  0x0000022d1e8c8d30 WorkerThread "GC Thread#0"                     [id=27572, stack(0x000000d526400000,0x000000d526500000) (1024K)]
  0x0000022d1e8d9dd0 ConcurrentGCThread "G1 Main Marker"            [id=10740, stack(0x000000d526500000,0x000000d526600000) (1024K)]
  0x0000022d1e8db070 WorkerThread "G1 Conc#0"                       [id=14876, stack(0x000000d526600000,0x000000d526700000) (1024K)]

[error occurred during error reporting (printing all threads), id 0xc0000005, EXCEPTION_ACCESS_VIOLATION (0xc0000005) at pc=0x00007ffc48cdc287]
VM state: not at safepoint (not fully initialized)

VM Mutex/Monitor currently owned by a thread:  ([mutex/lock_event])
[0x00007ffc49669e30] Heap_lock - owner thread: 0x0000022d1e864f60

Heap address: 0x0000000701c00000, size: 4068 MB, Compressed Oops mode: Zero based, Oop shift amount: 3

CDS archive(s) mapped at: [0x0000000000000000-0x0000000000000000-0x0000000000000000), size 0, SharedBaseAddress: 0x0000000800000000, ArchiveRelocationMode: 1.
Narrow klass base: 0x0000000000000000, Narrow klass shift: 0, Narrow klass range: 0x0

GC Precious Log:
 CardTable entry size: 512
 Card Set container configuration: InlinePtr #cards 4 size 8 Array Of Cards #cards 16 size 48 Howl #buckets 8 coarsen threshold 3686 Howl Bitmap #cards 512 size 80 coarsen threshold 460 Card regions per heap region 1 cards per card region 4096

Heap:
 garbage-first heap   total 0K, used 0K [0x0000000701c00000, 0x0000000800000000)
  region size 2048K, 0 young (0K), 0 survivors (0K)
 Metaspace       used 0K, committed 0K, reserved 0K
  class space    used 0K, committed 0K, reserved 0K

Heap Regions: E=young(eden), S=young(survivor), O=old, HS=humongous(starts), HC=humongous(continues), CS=collection set, F=free, TAMS=top-at-mark-start, PB=parsable bottom

Card table byte_map: [0x0000022d320a0000,0x0000022d328a0000] _byte_map_base: 0x0000022d2e892000

Marking Bits: (CMBitMap*) 0x0000022d1e8c9430
 Bits: [0x0000022d328a0000, 0x0000022d36830000)

GC Heap History (0 events):
No events

Dll operation events (1 events):
Event: 0.013 Loaded shared library C:\Program Files\JetBrains\WebStorm 2025.2\jbr\bin\java.dll

Deoptimization events (0 events):
No events

Classes loaded (0 events):
No events

Classes unloaded (0 events):
No events

Classes redefined (0 events):
No events

Internal exceptions (0 events):
No events

ZGC Phase Switch (0 events):
No events

VM Operations (0 events):
No events

Memory protections (0 events):
No events

Nmethod flushes (0 events):
No events

Events (0 events):
No events


Dynamic libraries:
0x00007ff774830000 - 0x00007ff77483a000 	C:\Program Files\JetBrains\WebStorm 2025.2\jbr\bin\java.exe
0x00007ffd10a90000 - 0x00007ffd10ca8000 	C:\Windows\SYSTEM32\ntdll.dll
0x00007ffcfe510000 - 0x00007ffcfe530000 	C:\Program Files\AVG\Antivirus\aswhook.dll
0x00007ffd0f940000 - 0x00007ffd0fa04000 	C:\Windows\System32\KERNEL32.DLL
0x00007ffd0dfa0000 - 0x00007ffd0e373000 	C:\Windows\System32\KERNELBASE.dll
0x00007ffd0e560000 - 0x00007ffd0e671000 	C:\Windows\System32\ucrtbase.dll
0x00007ffd0b570000 - 0x00007ffd0b58b000 	C:\Program Files\JetBrains\WebStorm 2025.2\jbr\bin\VCRUNTIME140.dll
0x00007ffd0ae60000 - 0x00007ffd0ae78000 	C:\Program Files\JetBrains\WebStorm 2025.2\jbr\bin\jli.dll
0x00007ffd10760000 - 0x00007ffd10912000 	C:\Windows\System32\USER32.dll
0x00007ffd0e700000 - 0x00007ffd0e726000 	C:\Windows\System32\win32u.dll
0x00007ffcf0b80000 - 0x00007ffcf0e1c000 	C:\Windows\WinSxS\amd64_microsoft.windows.common-controls_6595b64144ccf1df_6.0.22621.6060_none_2712eda17382d24b\COMCTL32.dll
0x00007ffd0f020000 - 0x00007ffd0f0c7000 	C:\Windows\System32\msvcrt.dll
0x00007ffd0fe40000 - 0x00007ffd0fe69000 	C:\Windows\System32\GDI32.dll
0x00007ffd0dba0000 - 0x00007ffd0dcbb000 	C:\Windows\System32\gdi32full.dll
0x00007ffd0e380000 - 0x00007ffd0e41a000 	C:\Windows\System32\msvcp_win.dll
0x00007ffd0fb20000 - 0x00007ffd0fb51000 	C:\Windows\System32\IMM32.DLL
0x00007ffd0b8e0000 - 0x00007ffd0b8ec000 	C:\Program Files\JetBrains\WebStorm 2025.2\jbr\bin\vcruntime140_1.dll
0x00007ffcaf230000 - 0x00007ffcaf2bd000 	C:\Program Files\JetBrains\WebStorm 2025.2\jbr\bin\msvcp140.dll
0x00007ffc48990000 - 0x00007ffc4975d000 	C:\Program Files\JetBrains\WebStorm 2025.2\jbr\bin\server\jvm.dll
0x00007ffd0f290000 - 0x00007ffd0f341000 	C:\Windows\System32\ADVAPI32.dll
0x00007ffd0f440000 - 0x00007ffd0f4e8000 	C:\Windows\System32\sechost.dll
0x00007ffd0dd40000 - 0x00007ffd0dd68000 	C:\Windows\System32\bcrypt.dll
0x00007ffd10930000 - 0x00007ffd10a48000 	C:\Windows\System32\RPCRT4.dll
0x00007ffd0fa30000 - 0x00007ffd0faa1000 	C:\Windows\System32\WS2_32.dll
0x00007ffd0c9b0000 - 0x00007ffd0c9fd000 	C:\Windows\SYSTEM32\POWRPROF.dll
0x00007ffd03c10000 - 0x00007ffd03c44000 	C:\Windows\SYSTEM32\WINMM.dll
0x00007ffcfde80000 - 0x00007ffcfde8a000 	C:\Windows\SYSTEM32\VERSION.dll
0x00007ffd0c990000 - 0x00007ffd0c9a3000 	C:\Windows\SYSTEM32\UMPDC.dll
0x00007ffd0cc40000 - 0x00007ffd0cc58000 	C:\Windows\SYSTEM32\kernel.appcore.dll
0x00007ffd0b870000 - 0x00007ffd0b87a000 	C:\Program Files\JetBrains\WebStorm 2025.2\jbr\bin\jimage.dll
0x00007ffd0a570000 - 0x00007ffd0a7a3000 	C:\Windows\SYSTEM32\DBGHELP.DLL
0x00007ffd0f5a0000 - 0x00007ffd0f931000 	C:\Windows\System32\combase.dll
0x00007ffd0e7e0000 - 0x00007ffd0e8b8000 	C:\Windows\System32\OLEAUT32.dll
0x00007ffd0a530000 - 0x00007ffd0a562000 	C:\Windows\SYSTEM32\dbgcore.DLL
0x00007ffd0e680000 - 0x00007ffd0e6fb000 	C:\Windows\System32\bcryptPrimitives.dll
0x00007ffd0b400000 - 0x00007ffd0b420000 	C:\Program Files\JetBrains\WebStorm 2025.2\jbr\bin\java.dll

JVMTI agents: none

dbghelp: loaded successfully - version: 4.0.5 - missing functions: none
symbol engine: initialized successfully - sym options: 0x614 - pdb path: .;C:\Program Files\JetBrains\WebStorm 2025.2\jbr\bin;C:\Windows\SYSTEM32;C:\Program Files\AVG\Antivirus;C:\Windows\WinSxS\amd64_microsoft.windows.common-controls_6595b64144ccf1df_6.0.22621.6060_none_2712eda17382d24b;C:\Program Files\JetBrains\WebStorm 2025.2\jbr\bin\server

VM Arguments:
java_command: git4idea.http.GitAskPassApp Username for 'https://github.com': 
java_class_path (initial): C:/Program Files/JetBrains/WebStorm 2025.2/plugins/vcs-git/lib/git4idea-rt.jar;C:/Program Files/JetBrains/WebStorm 2025.2/lib/externalProcess-rt.jar
Launcher Type: SUN_STANDARD

[Global flags]
     intx CICompilerCount                          = 3                                         {product} {ergonomic}
     uint ConcGCThreads                            = 1                                         {product} {ergonomic}
     uint G1ConcRefinementThreads                  = 4                                         {product} {ergonomic}
   size_t G1HeapRegionSize                         = 2097152                                   {product} {ergonomic}
    uintx GCDrainStackTargetSize                   = 64                                        {product} {ergonomic}
   size_t InitialHeapSize                          = 268435456                                 {product} {ergonomic}
   size_t MarkStackSize                            = 4194304                                   {product} {ergonomic}
   size_t MaxHeapSize                              = 4265607168                                {product} {ergonomic}
   size_t MinHeapDeltaBytes                        = 2097152                                   {product} {ergonomic}
   size_t MinHeapSize                              = 8388608                                   {product} {ergonomic}
    uintx NonNMethodCodeHeapSize                   = 5832780                                {pd product} {ergonomic}
    uintx NonProfiledCodeHeapSize                  = 122912730                              {pd product} {ergonomic}
    uintx ProfiledCodeHeapSize                     = 122912730                              {pd product} {ergonomic}
    uintx ReservedCodeCacheSize                    = 251658240                              {pd product} {ergonomic}
     bool SegmentedCodeCache                       = true                                      {product} {ergonomic}
   size_t SoftMaxHeapSize                          = 4265607168                             {manageable} {ergonomic}
     bool UseCompressedOops                        = true                           {product lp64_product} {ergonomic}
     bool UseG1GC                                  = true                                      {product} {ergonomic}
     bool UseLargePagesIndividualAllocation        = false                                  {pd product} {ergonomic}

Logging:
Log output configuration:
 #0: stdout all=warning uptime,level,tags foldmultilines=false
 #1: stderr all=off uptime,level,tags foldmultilines=false

Release file:
<release file has not been read>
Environment Variables:
PATH=C:\Program Files\Git\mingw64\libexec\git-core;C:\Program Files\Git\mingw64\libexec\git-core;C:\Program Files\Git\mingw64\bin;C:\Program Files\Git\usr\bin;C:\Users\abdou\bin;C:\app\abdou\product\21c\dbhomeXE\bin;C:\Program Files (x86)\VMware\VMware Workstation\bin;C:\Program Files\NVIDIA GPU Computing Toolkit\CUDA\v11.8\bin;C:\Program Files\NVIDIA GPU Computing Toolkit\CUDA\v11.8\libnvvp;C:\Windows\system32;C:\Windows;C:\Windows\System32\Wbem;C:\Windows\System32\WindowsPowerShell\v1.0;C:\Windows\System32\OpenSSH;C:\Program Files\NVIDIA Corporation\Nsight Compute 2022.3.0;C:\Program Files (x86)\NVIDIA Corporation\PhysX\Common;C:\Program Files\Microsoft SQL Server\150\Tools\Binn;C:\ProgramData\chocolatey\bin;C:\Program Files\nodejs;C:\Program Files\Git\cmd;C:\Program Files\cursor\resources\app\bin;C:\Program Files\Docker\Docker\resources\bin;C:\Program Files\MySQL\MySQL Shell 8.0\bin;C:\Users\abdou\AppData\Local\Programs\Python\Launcher;C:\Users\abdou\AppData\Local\Microsoft\WindowsApps;C:\Users\abdou\anaconda3;C:\Users\abdou\anaconda3\Scripts;C:\Users\abdou\anaconda3\Library\bin;C:\Program Files\JetBrains\PyCharm 2024.3.1.1\bin;C:\Program Files\JetBrains\CLion 2024.1.1\bin;C:\Users\abdou\.dotnet\tools;C:\Program Files (x86)\dotnet;C:\Users\abdou\AppData\Local\Programs\Microsoft VS Code\bin;C:\msys64\ucrt64\bin;C:\users\abdou\.local\bin;C:\users\abdou\appdata\roaming\python\python312\scripts;C:\Users\abdou\AppData\Roaming\npm;C:\Program Files\JetBrains\DataGrip 2025.2\bin;C:\Program Files\JetBrains\WebStorm 2025.2\bin;C:\Users\abdou\AppData\Local\Programs\MiKTeX\miktex\bin\x64
USERNAME=abdou
DISPLAY=:0.0
LC_ALL=en_US.UTF-8
TERM=xterm-256color
TMPDIR=C:\Users\abdou\AppData\Local\Temp
OS=Windows_NT
PROCESSOR_IDENTIFIER=Intel64 Family 6 Model 142 Stepping 9, GenuineIntel
TMP=C:\Users\abdou\AppData\Local\Temp
TEMP=C:\Users\abdou\AppData\Local\Temp




Periodic native trim disabled

JNI global refs:
JNI global refs: 0, weak refs: 0

JNI global refs memory usage: 0, weak refs: 0

Process memory usage:
Resident Set Size: 12020K (0% of 16658596K total physical memory with 1135696K free physical memory)

OOME stack traces (most recent first):
Classloader memory used:

---------------  S Y S T E M  ---------------

OS:
 Windows 11 , 64 bit Build 22621 (10.0.22621.5415)
OS uptime: 6 days 0:11 hours
Hyper-V role detected

CPU: total 4 (initial active 4) (2 cores per cpu, 2 threads per core) family 6 model 142 stepping 9 microcode 0xde, cx8, cmov, fxsr, ht, mmx, 3dnowpref, sse, sse2, sse3, ssse3, sse4.1, sse4.2, popcnt, lzcnt, tsc, tscinvbit, avx, avx2, aes, erms, clmul, bmi1, bmi2, adx, fma, vzeroupper, clflush, clflushopt, hv, rdtscp, f16c
Processor Information for the first 4 processors :
  Max Mhz: 2904, Current Mhz: 2703, Mhz Limit: 2700

Memory: 4k page, system-wide physical 16268M (1109M free)
TotalPageFile size 26508M (AvailPageFile size 135M)
current process WorkingSet (physical memory assigned to process): 11M, peak: 11M
current process commit charge ("private bytes"): 52M, peak: 308M

vm_info: OpenJDK 64-Bit Server VM (21.0.9+1-b1038.76) for windows-amd64 JRE (21.0.9+1-b1038.76), built on 2025-11-17 by "builduser" with MS VC++ 16.10 / 16.11 (VS2019)

END.
